2017-12-29 00:16:57 - Using default implementation for ThreadExecutor
2017-12-29 00:16:57 - Job execution threads will use class loader of thread: main
2017-12-29 00:16:57 - Initialized Scheduler Signaller of type: class org.quartz.core.SchedulerSignalerImpl
2017-12-29 00:16:57 - Quartz Scheduler v.2.2.3 created.
2017-12-29 00:16:57 - RAMJobStore initialized.
2017-12-29 00:16:57 - Scheduler meta-data: Quartz Scheduler (v2.2.3) 'DefaultQuartzScheduler' with instanceId 'NON_CLUSTERED'
  Scheduler class: 'org.quartz.core.QuartzScheduler' - running locally.
  NOT STARTED.
  Currently in standby mode.
  Number of jobs executed: 0
  Using thread pool 'org.quartz.simpl.SimpleThreadPool' - with 1 threads.
  Using job-store 'org.quartz.simpl.RAMJobStore' - which does not support persistence. and is not clustered.

2017-12-29 00:16:57 - Quartz scheduler 'DefaultQuartzScheduler' initialized from default resource file in Quartz package: 'quartz.properties'
2017-12-29 00:16:57 - Quartz scheduler version: 2.2.3
2017-12-29 00:16:57 - Scheduler DefaultQuartzScheduler_$_NON_CLUSTERED started.
2017-12-29 00:17:00 - debtExcecute
2017-12-29 00:17:00 - debtOverdueExcecute
2017-12-29 00:17:01 - 可用余额为：9788.64
2017-12-29 00:17:09 - 2: {"DebtId":47556755,"Seller":"pdu1486880561","StatusId":1,"Lender":"pdu1486880561","BidDateTime":"2017-10-21T13:54:11.553","OwingNumber":4,"OwingPrincipal":94.87,"OwingInterest":3.98,"Days":23,"PriceforSaleRate":18.6,"PriceforSale":95.51,"PreferenceDegree":6.75,"ListingId":78900126,"CreditCode":"C","CurrentCreditCode":"C","ListingAmount":15000,"ListingTime":"2017-10-21T13:51:42.643","ListingMonths":6,"ListingRate":20,"PastDueNumber":0,"AllowanceRadio":-0.25,"PastDueDay":0}
2017-12-29 00:17:18 - 4: {"DebtId":47556438,"Seller":"pdu2876356342","StatusId":1,"Lender":"pdu2876356342","BidDateTime":"2017-05-27T19:36:26.7","OwingNumber":5,"OwingPrincipal":44.09,"OwingInterest":2.23,"Days":29,"PriceforSaleRate":18,"PriceforSale":44.34,"PreferenceDegree":5.67,"ListingId":49594281,"CreditCode":"C","CurrentCreditCode":"F","ListingAmount":8821,"ListingTime":"2017-05-27T19:34:58.75","ListingMonths":12,"ListingRate":20,"PastDueNumber":2,"AllowanceRadio":-1.9,"PastDueDay":1}
2017-12-29 00:17:20 - 4: {"DebtId":47556415,"Seller":"pdu7141041031","StatusId":1,"Lender":"pdu7141041031","BidDateTime":"2017-08-30T14:01:07.907","OwingNumber":3,"OwingPrincipal":79.62,"OwingInterest":2.93,"Days":1,"PriceforSaleRate":19.8,"PriceforSale":81.17,"PreferenceDegree":-0.52,"ListingId":68432205,"CreditCode":"D","CurrentCreditCode":"B","ListingAmount":3000,"ListingTime":"2017-08-30T13:38:27.827","ListingMonths":6,"ListingRate":22,"PastDueNumber":1,"AllowanceRadio":0.14,"PastDueDay":1}
2017-12-29 00:17:34 - Total Debt Count is :500
2017-12-29 00:17:34 - debtExcecute
2017-12-29 00:17:34 - debtOverdueExcecute
2017-12-29 00:17:34 - 可用余额为：9567.62
2017-12-29 00:17:50 - 5: {"DebtId":47556413,"Seller":"pdu7141041031","StatusId":1,"Lender":"pdu7141041031","BidDateTime":"2017-08-30T12:01:19.657","OwingNumber":3,"OwingPrincipal":87.32,"OwingInterest":3.22,"Days":1,"PriceforSaleRate":19.8,"PriceforSale":89.03,"PreferenceDegree":9.49,"ListingId":68409195,"CreditCode":"D","CurrentCreditCode":"C","ListingAmount":1908,"ListingTime":"2017-08-30T11:50:19.31","ListingMonths":6,"ListingRate":22,"PastDueNumber":1,"AllowanceRadio":-0.02,"PastDueDay":1}
2017-12-29 00:18:02 - Total Debt Count is :500
2017-12-29 00:18:02 - debtExcecute
2017-12-29 00:18:02 - debtOverdueExcecute
2017-12-29 00:18:03 - 可用余额为：9478.59
2017-12-29 00:18:57 - Using default implementation for ThreadExecutor
2017-12-29 00:18:57 - Job execution threads will use class loader of thread: main
2017-12-29 00:18:57 - Initialized Scheduler Signaller of type: class org.quartz.core.SchedulerSignalerImpl
2017-12-29 00:18:57 - Quartz Scheduler v.2.2.3 created.
2017-12-29 00:18:57 - RAMJobStore initialized.
2017-12-29 00:18:57 - Scheduler meta-data: Quartz Scheduler (v2.2.3) 'DefaultQuartzScheduler' with instanceId 'NON_CLUSTERED'
  Scheduler class: 'org.quartz.core.QuartzScheduler' - running locally.
  NOT STARTED.
  Currently in standby mode.
  Number of jobs executed: 0
  Using thread pool 'org.quartz.simpl.SimpleThreadPool' - with 1 threads.
  Using job-store 'org.quartz.simpl.RAMJobStore' - which does not support persistence. and is not clustered.

2017-12-29 00:18:57 - Quartz scheduler 'DefaultQuartzScheduler' initialized from default resource file in Quartz package: 'quartz.properties'
2017-12-29 00:18:57 - Quartz scheduler version: 2.2.3
2017-12-29 00:18:57 - Scheduler DefaultQuartzScheduler_$_NON_CLUSTERED started.
2017-12-29 00:19:00 - bidExcecute
2017-12-29 00:19:01 - 可用余额为：9478.59
2017-12-29 00:19:02 - loanListResult is :{"LoanInfos":[],"Result":1,"ResultMessage":"查询成功","ResultCode":null}
2017-12-29 00:19:02 - loanListArray is :[]
2017-12-29 00:19:02 - debtExcecute
2017-12-29 00:19:02 - debtOverdueExcecute
2017-12-29 00:19:02 - 可用余额为：9478.59
2017-12-29 00:19:07 - 1: {"DebtId":47557222,"Seller":"pdu6285464471","StatusId":1,"Lender":"pdu6285464471","BidDateTime":"2017-10-03T10:55:57.417","OwingNumber":4,"OwingPrincipal":127.4,"OwingInterest":5.34,"Days":5,"PriceforSaleRate":18.03,"PriceforSale":129.5,"PreferenceDegree":-3.45,"ListingId":75379327,"CreditCode":"C","CurrentCreditCode":"B","ListingAmount":4856,"ListingTime":"2017-10-03T10:54:53.267","ListingMonths":6,"ListingRate":20,"PastDueNumber":0,"AllowanceRadio":0,"PastDueDay":0}
2017-12-29 00:20:26 - Using default implementation for ThreadExecutor
2017-12-29 00:20:26 - Job execution threads will use class loader of thread: main
2017-12-29 00:20:26 - Initialized Scheduler Signaller of type: class org.quartz.core.SchedulerSignalerImpl
2017-12-29 00:20:26 - Quartz Scheduler v.2.2.3 created.
2017-12-29 00:20:26 - RAMJobStore initialized.
2017-12-29 00:20:26 - Scheduler meta-data: Quartz Scheduler (v2.2.3) 'DefaultQuartzScheduler' with instanceId 'NON_CLUSTERED'
  Scheduler class: 'org.quartz.core.QuartzScheduler' - running locally.
  NOT STARTED.
  Currently in standby mode.
  Number of jobs executed: 0
  Using thread pool 'org.quartz.simpl.SimpleThreadPool' - with 1 threads.
  Using job-store 'org.quartz.simpl.RAMJobStore' - which does not support persistence. and is not clustered.

2017-12-29 00:20:26 - Quartz scheduler 'DefaultQuartzScheduler' initialized from default resource file in Quartz package: 'quartz.properties'
2017-12-29 00:20:26 - Quartz scheduler version: 2.2.3
2017-12-29 00:20:26 - Scheduler DefaultQuartzScheduler_$_NON_CLUSTERED started.
2017-12-29 00:20:30 - bidExcecute
2017-12-29 00:20:32 - 可用余额为：9349.09
2017-12-29 00:20:32 - loanListResult is :{"LoanInfos":[],"Result":1,"ResultMessage":"查询成功","ResultCode":null}
2017-12-29 00:20:32 - loanListArray is :[]
2017-12-29 00:20:32 - debtExcecute
2017-12-29 00:20:32 - debtOverdueExcecute
2017-12-29 00:20:32 - 可用余额为：9349.09
2017-12-29 00:21:04 - Total Debt Count is :500
2017-12-29 00:21:04 - bidExcecute
2017-12-29 00:21:04 - 可用余额为：9349.09
2017-12-29 00:21:05 - loanListResult is :{"LoanInfos":[],"Result":1,"ResultMessage":"查询成功","ResultCode":null}
2017-12-29 00:21:05 - loanListArray is :[]
2017-12-29 00:21:05 - debtExcecute
2017-12-29 00:21:05 - debtOverdueExcecute
2017-12-29 00:21:05 - 可用余额为：9349.09
